--- Copying files at Fri Jun 17 12:28:48 UTC 2022
--- Copying files at Fri Jun 17 12:33:09 UTC 2022
--- Copying files at Fri Jun 17 12:33:55 UTC 2022
INSTALLED plugins/failed-plugins.txt
--- Copying files at Fri Jun 17 12:36:44 UTC 2022
INSTALLED plugins/azure-sdk.jpi : 106.v552de1e64d56
INSTALLED plugins/aws-credentials.jpi : 191.vcb_f183ce58b_9
INSTALLED plugins/snakeyaml-api.jpi : 1.30.1
INSTALLED plugins/ssh-credentials.jpi : 277.v95c2fec1c047
INSTALLED plugins/structs.jpi : 318.va_f3ccb_729b_71
INSTALLED plugins/cloudify.jpi : 1.0.11
INSTALLED plugins/aws-java-sdk-ec2.jpi : 1.12.215-339.vdc07efc5320c
INSTALLED plugins/javax-activation-api.jpi : 1.2.0-3
INSTALLED plugins/script-security.jpi : 1145.1148.vf6d17a_a_a_eef6
INSTALLED plugins/credentials-binding.jpi : 523.vd859a_4b_122e6
INSTALLED plugins/plain-credentials.jpi : 1.8
INSTALLED plugins/trilead-api.jpi : 1.57.v6e90e07157e1
INSTALLED plugins/credentials.jpi : 1087.1089.v2f1b_9a_b_040e4
INSTALLED plugins/variant.jpi : 1.4
INSTALLED plugins/workflow-step-api.jpi : 625.vd896b_f445a_f8
INSTALLED plugins/aws-java-sdk-minimal.jpi : 1.12.215-339.vdc07efc5320c
INSTALLED plugins/caffeine-api.jpi : 2.9.3-65.v6a_47d0f4d1fe
INSTALLED plugins/jaxb.jpi : 2.3.6-1
INSTALLED plugins/apache-httpcomponents-client-4-api.jpi : 4.5.13-1.0
INSTALLED plugins/jackson2-api.jpi : 2.13.3-285.vc03c0256d517
INSTALLED plugins/azure-credentials.jpi : 216.ve0b_4a_485ffc2
--- Copying files at Fri Jun 17 13:24:34 UTC 2022
--- Copying files at Fri Jun 17 13:26:07 UTC 2022
--- Copying files at Fri Jun 17 13:28:04 UTC 2022
--- Copying files at Fri Jun 17 13:30:33 UTC 2022
--- Copying files at Fri Jun 17 13:36:08 UTC 2022
--- Copying files at Fri Jun 17 13:45:30 UTC 2022
